2025-11-05 08:19:34 [    INFO] debug [btceth_trader.py:33] - Initializing BTCETH_CMC20_Trader...
2025-11-05 08:19:34 [    INFO] debug [btceth_trader.py:43] - Creating Binance client...
2025-11-05 08:19:35 [    INFO] debug [btceth_trader.py:45] - Binance client created successfully
2025-11-05 08:19:35 [    INFO] debug [btceth_trader.py:55] - Trader initialized with update_interval=3600s, stablecoins=11
2025-11-05 08:19:35 [   DEBUG] debug [btceth_trader.py:127] - Balance details: {'USDT': {'free': 1.42905115, 'locked': 0.0, 'total': 1.42905115, 'usdc_value': 1.42905115}}
2025-11-05 08:19:54 [    INFO] debug [btceth_trader.py:33] - Initializing BTCETH_CMC20_Trader...
2025-11-05 08:19:54 [    INFO] debug [btceth_trader.py:43] - Creating Binance client...
2025-11-05 08:19:54 [    INFO] debug [btceth_trader.py:45] - Binance client created successfully
2025-11-05 08:19:54 [    INFO] debug [btceth_trader.py:55] - Trader initialized with update_interval=3600s, stablecoins=11
2025-11-05 08:19:55 [   DEBUG] debug [btceth_trader.py:127] - Balance details: {'USDT': {'free': 1.42905115, 'locked': 0.0, 'total': 1.42905115, 'usdc_value': 1.42905115}}
2025-11-05 08:19:58 [    INFO] debug [btceth_trader.py:33] - Initializing BTCETH_CMC20_Trader...
2025-11-05 08:19:58 [    INFO] debug [btceth_trader.py:43] - Creating Binance client...
2025-11-05 08:19:58 [    INFO] debug [btceth_trader.py:45] - Binance client created successfully
2025-11-05 08:19:58 [    INFO] debug [btceth_trader.py:55] - Trader initialized with update_interval=3600s, stablecoins=11
2025-11-05 08:19:58 [   DEBUG] debug [btceth_trader.py:127] - Balance details: {'USDT': {'free': 1.42905115, 'locked': 0.0, 'total': 1.42905115, 'usdc_value': 1.42905115}}
2025-11-05 08:19:59 [   DEBUG] debug [btceth_trader.py:127] - Balance details: {'USDT': {'free': 1.42905115, 'locked': 0.0, 'total': 1.42905115, 'usdc_value': 1.42905115}}
2025-11-05 08:19:59 [   DEBUG] debug [btceth_trader.py:245] - Full allocation data: {'BTC': {'rank': 1, 'name': 'Bitcoin', 'original_weight': 68.77828996789228, 'redistribution_bonus': 8.824577554693727, 'weight': 77.60286752258601, 'market_cap': 2032460010420.8743, 'price': 101907.68984339021, 'change_24h': -2.55873922}, 'ETH': {'rank': 2, 'name': 'Ethereum', 'original_weight': 13.572554922720299, 'redistribution_bonus': 8.824577554693727, 'weight': 22.397132477414026, 'market_cap': 401081142502.20215, 'price': 3323.033940698338, 'change_24h': -5.29738795}}
2025-11-05 08:20:31 [    INFO] debug [btceth_trader.py:33] - Initializing BTCETH_CMC20_Trader...
2025-11-05 08:20:31 [    INFO] debug [btceth_trader.py:43] - Creating Binance client...
2025-11-05 08:20:32 [    INFO] debug [btceth_trader.py:45] - Binance client created successfully
2025-11-05 08:20:32 [    INFO] debug [btceth_trader.py:55] - Trader initialized with update_interval=3600s, stablecoins=11
2025-11-05 08:20:32 [   DEBUG] debug [btceth_trader.py:127] - Balance details: {'USDT': {'free': 1.42905115, 'locked': 0.0, 'total': 1.42905115, 'usdc_value': 1.42905115}}
