2025-11-05 08:19:58 [    INFO] trades - ================================================================================
2025-11-05 08:19:58 [    INFO] trades - [admin] MANUAL REBALANCE STARTED
2025-11-05 08:19:58 [    INFO] trades - ================================================================================
2025-11-05 08:19:58 [    INFO] trades - [admin] Step 1: Creating trader instance...
2025-11-05 08:19:58 [    INFO] trades - [admin] Step 2: Fetching portfolio from Binance...
2025-11-05 08:19:58 [    INFO] trades - [admin]   - Assets: 1
2025-11-05 08:19:58 [    INFO] trades - [admin]   - Total value: $1.43
2025-11-05 08:19:58 [    INFO] trades - [admin]   - USDT: 1.42905115 ($1.43)
2025-11-05 08:19:58 [    INFO] trades - [admin] Step 3: Executing rebalance...
2025-11-05 08:19:58 [    INFO] trades - [admin]   - Mode: DRY RUN (TEST)
2025-11-05 08:19:58 [    INFO] trades - ================================================================================
2025-11-05 08:19:58 [    INFO] trades - Mode: DRY RUN (test)
2025-11-05 08:19:58 [    INFO] trades - Timestamp: 2025-11-05T08:19:58.812885
2025-11-05 08:19:58 [    INFO] trades - ================================================================================
2025-11-05 08:20:02 [    INFO] trades - [admin] Result summary:
2025-11-05 08:20:02 [    INFO] trades - [admin]   - status: dry_run
2025-11-05 08:20:02 [    INFO] trades - [admin]   - operations: {'sell_orders': {}, 'sell_convert': {}, 'buy_orders': {}, 'buy_convert': {'ETH': {'from_asset': 'USDT', 'to_asset': 'ETH', 'amount': 0.3200664792355086, 'type': 'convert', 'reason': 'below_lot_size(0.00009635<0.0001)'}}}
2025-11-05 08:20:02 [    INFO] trades - [admin]   - message: Dry run completed
2025-11-05 08:20:02 [    INFO] trades - ================================================================================
2025-11-05 08:20:02 [    INFO] trades - [admin] MANUAL REBALANCE COMPLETED - SUCCESS
2025-11-05 08:20:02 [    INFO] trades - ================================================================================
